
**** Build of configuration Release for project Licznik_bitowy_1 ****

make all 
Building file: ../main.c
Invoking: AVR Compiler
avr-gcc -Wall -Os -fpack-struct -fshort-enums -std=gnu99 -funsigned-char -funsigned-bitfields -mmcu=atmega8 -DF_CPU=1000000UL -MMD -MP -MF"main.d" -MT"main.d" -c -o"main.o" "../main.c"
Finished building: ../main.c
 
Building target: Licznik_bitowy_1.elf
Invoking: AVR C Linker
avr-gcc -Wl,-Map,Licznik_bitowy_1.map -mmcu=atmega8 -o"Licznik_bitowy_1.elf"  ./main.o   
Finished building target: Licznik_bitowy_1.elf
 
Invoking: AVR Create Extended Listing
avr-objdump -h -S Licznik_bitowy_1.elf  >"Licznik_bitowy_1.lss"
Finished building: Licznik_bitowy_1.lss
 
Create Flash image (ihex format)
avr-objcopy -R .eeprom -O ihex Licznik_bitowy_1.elf  "Licznik_bitowy_1.hex"
Finished building: Licznik_bitowy_1.hex
 
Create eeprom image (ihex format)
avr-objcopy -j .eeprom --no-change-warnings --change-section-lma .eeprom=0 -O ihex Licznik_bitowy_1.elf  "Licznik_bitowy_1.eep"
Finished building: Licznik_bitowy_1.eep
 
Invoking: Print Size
avr-size --format=avr --mcu=atmega8 Licznik_bitowy_1.elf
AVR Memory Usage
----------------
Device: atmega8

Program:      98 bytes (1.2% Full)
(.text + .data + .bootloader)

Data:          0 bytes (0.0% Full)
(.data + .bss + .noinit)


Finished building: sizedummy
 
