
**** Build of configuration Release for project PLC_alter ****

make all 
Building file: ../main.c
Invoking: AVR Compiler
avr-gcc -Wall -Os -fpack-struct -fshort-enums -std=gnu99 -funsigned-char -funsigned-bitfields -mmcu=atmega644p -DF_CPU=16000000UL -MMD -MP -MF"main.d" -MT"main.d" -c -o"main.o" "../main.c"
../main.c: In function 'main':
../main.c:67: warning: implicit declaration of function 'zmroz'
../main.c:102: warning: implicit declaration of function 'DS18B20_temp'
../main.c: At top level:
../i2c.h:16: warning: 'i2cInit' defined but not used
../PCF8583.h:128: warning: 'PCF8583_init' defined but not used
../PCF8583.h:181: warning: 'PCF8583_alarm_off' defined but not used
../PCF8583.h:191: warning: 'PCF8583_alarm_on' defined but not used
../PCF8583.h:246: warning: 'PCF8583_get_time_bcd' defined but not used
../PCF8583.h:262: warning: 'PCF8583_set_time' defined but not used
../PCF8583.h:299: warning: 'PCF8583_set_date' defined but not used
../PCF8583.h:315: warning: 'PCF8583_get_alarm_time' defined but not used
../PCF8583.h:330: warning: 'PCF8583_set_alarm_time' defined but not used
../PCF8583.h:343: warning: 'PCF8583_get_alarm_date' defined but not used
../PCF8583.h:354: warning: 'PCF8583_set_alarm_date' defined but not used
Finished building: ../main.c
 
Building target: PLC_alter.elf
Invoking: AVR C Linker
avr-gcc -Wl,-Map,PLC_alter.map -mmcu=atmega644p -o"PLC_alter.elf"  ./DS18B20.o ./lcd_drv.o ./main.o ./uart.o   
Finished building target: PLC_alter.elf
 
Invoking: AVR Create Extended Listing
avr-objdump -h -S PLC_alter.elf  >"PLC_alter.lss"
Finished building: PLC_alter.lss
 
Create Flash image (ihex format)
avr-objcopy -R .eeprom -O ihex PLC_alter.elf  "PLC_alter.hex"
Finished building: PLC_alter.hex
 
Create eeprom image (ihex format)
avr-objcopy -j .eeprom --no-change-warnings --change-section-lma .eeprom=0 -O ihex PLC_alter.elf  "PLC_alter.eep"
Finished building: PLC_alter.eep
 
Invoking: Print Size
avr-size --format=avr --mcu=atmega644p PLC_alter.elf
AVR Memory Usage
----------------
Device: atmega644p

Program:    8464 bytes (12.9% Full)
(.text + .data + .bootloader)

Data:        363 bytes (8.9% Full)
(.data + .bss + .noinit)


Finished building: sizedummy
 
