
**** Build of configuration Debug for project pr ****

make all 
Building file: ../main.c
Invoking: AVR Compiler
avr-gcc -Wall -g2 -gstabs -O0 -fpack-struct -fshort-enums -std=gnu99 -funsigned-char -funsigned-bitfields -mmcu=atmega8 -DF_CPU=1000000UL -MMD -MP -MF"main.d" -MT"main.d" -c -o"main.o" "../main.c"
In file included from ../main.c:19:
c:/winavr-20100110/lib/gcc/../../avr/include/util/delay.h:90:3: warning: #warning "Compiler optimizations disabled; functions from <util/delay.h> won't work as designed"
In file included from ../main.c:40:
c:/winavr-20100110/lib/gcc/../../avr/include/util/setbaud.h:213:4: warning: #warning "Baud rate achieved is higher than allowed"
Finished building: ../main.c
 
Building target: pr.elf
Invoking: AVR C Linker
avr-gcc -Wl,-Map,pr.map -mmcu=atmega8 -o"pr.elf"  ./main.o   
Finished building target: pr.elf
 
Invoking: AVR Create Extended Listing
avr-objdump -h -S pr.elf  >"pr.lss"
Finished building: pr.lss
 
Invoking: Print Size
avr-size --format=avr --mcu=atmega8 pr.elf
AVR Memory Usage
----------------
Device: atmega8

Program:    4782 bytes (58.4% Full)
(.text + .data + .bootloader)

Data:        302 bytes (29.5% Full)
(.data + .bss + .noinit)


Finished building: sizedummy
 
