
**** Build of configuration Release for project proba ****

make all 
Building file: ../main.c
Invoking: AVR Compiler
avr-gcc -Wall -Os -fpack-struct -fshort-enums -std=gnu99 -funsigned-char -funsigned-bitfields -mmcu=atmega644p -DF_CPU=8000000UL -MMD -MP -MF"main.d" -MT"main.d" -c -o"main.o" "../main.c"
Finished building: ../main.c
 
Building target: proba.elf
Invoking: AVR C Linker
avr-gcc -Wl,-Map,proba.map -mmcu=atmega644p -o"proba.elf"  ./main.o   
Finished building target: proba.elf
 
Invoking: AVR Create Extended Listing
avr-objdump -h -S proba.elf  >"proba.lss"
Finished building: proba.lss
 
Create Flash image (ihex format)
avr-objcopy -R .eeprom -O ihex proba.elf  "proba.hex"
Finished building: proba.hex
 
Create eeprom image (ihex format)
avr-objcopy -j .eeprom --no-change-warnings --change-section-lma .eeprom=0 -O ihex proba.elf  "proba.eep"
Finished building: proba.eep
 
Invoking: Print Size
avr-size --format=avr --mcu=atmega644p proba.elf
AVR Memory Usage
----------------
Device: atmega644p

Program:     400 bytes (0.6% Full)
(.text + .data + .bootloader)

Data:          0 bytes (0.0% Full)
(.data + .bss + .noinit)


Finished building: sizedummy
 
