
**** Build of configuration Release for project przerwania ****

make all 
Building file: ../main.c
Invoking: AVR Compiler
avr-gcc -Wall -Os -fpack-struct -fshort-enums -std=gnu99 -funsigned-char -funsigned-bitfields -mmcu=atmega8 -DF_CPU=1000000UL -MMD -MP -MF"main.d" -MT"main.d" -c -o"main.o" "../main.c"
Finished building: ../main.c
 
Building target: przerwania.elf
Invoking: AVR C Linker
avr-gcc -Wl,-Map,przerwania.map -mmcu=atmega8 -o"przerwania.elf"  ./main.o   
Finished building target: przerwania.elf
 
Invoking: AVR Create Extended Listing
avr-objdump -h -S przerwania.elf  >"przerwania.lss"
Finished building: przerwania.lss
 
Create Flash image (ihex format)
avr-objcopy -R .eeprom -O ihex przerwania.elf  "przerwania.hex"
Finished building: przerwania.hex
 
Create eeprom image (ihex format)
avr-objcopy -j .eeprom --no-change-warnings --change-section-lma .eeprom=0 -O ihex przerwania.elf  "przerwania.eep"
Finished building: przerwania.eep
 
Invoking: Print Size
avr-size --format=avr --mcu=atmega8 przerwania.elf
AVR Memory Usage
----------------
Device: atmega8

Program:     536 bytes (6.5% Full)
(.text + .data + .bootloader)

Data:         17 bytes (1.7% Full)
(.data + .bss + .noinit)


Finished building: sizedummy
 
