
**** Build of configuration Release for project wyswietlacz_z_licznikiem ****

make all 
Building file: ../main.c
Invoking: AVR Compiler
avr-gcc -Wall -Os -fpack-struct -fshort-enums -std=gnu99 -funsigned-char -funsigned-bitfields -mmcu=atmega8 -DF_CPU=1000000UL -MMD -MP -MF"main.d" -MT"main.d" -c -o"main.o" "../main.c"
Finished building: ../main.c
 
Building target: wyswietlacz_z_licznikiem.elf
Invoking: AVR C Linker
avr-gcc -Wl,-Map,wyswietlacz_z_licznikiem.map -mmcu=atmega8 -o"wyswietlacz_z_licznikiem.elf"  ./main.o   
Finished building target: wyswietlacz_z_licznikiem.elf
 
Invoking: AVR Create Extended Listing
avr-objdump -h -S wyswietlacz_z_licznikiem.elf  >"wyswietlacz_z_licznikiem.lss"
Finished building: wyswietlacz_z_licznikiem.lss
 
Create Flash image (ihex format)
avr-objcopy -R .eeprom -O ihex wyswietlacz_z_licznikiem.elf  "wyswietlacz_z_licznikiem.hex"
Finished building: wyswietlacz_z_licznikiem.hex
 
Create eeprom image (ihex format)
avr-objcopy -j .eeprom --no-change-warnings --change-section-lma .eeprom=0 -O ihex wyswietlacz_z_licznikiem.elf  "wyswietlacz_z_licznikiem.eep"
Finished building: wyswietlacz_z_licznikiem.eep
 
Invoking: Print Size
avr-size --format=avr --mcu=atmega8 wyswietlacz_z_licznikiem.elf
AVR Memory Usage
----------------
Device: atmega8

Program:     432 bytes (5.3% Full)
(.text + .data + .bootloader)

Data:          0 bytes (0.0% Full)
(.data + .bss + .noinit)


Finished building: sizedummy
 
