
**** Build of configuration Release for project zabawa2 ****

make all 
Building file: ../main.c
Invoking: AVR Compiler
avr-gcc -Wall -Os -fpack-struct -fshort-enums -std=gnu99 -funsigned-char -funsigned-bitfields -mmcu=atmega8 -DF_CPU=1000000UL -MMD -MP -MF"main.d" -MT"main.d" -c -o"main.o" "../main.c"
../main.c: In function 'wyswietlacz_1':
../main.c:57: warning: unused variable 'i'
Finished building: ../main.c
 
Building target: zabawa2.elf
Invoking: AVR C Linker
avr-gcc -Wl,-Map,zabawa2.map -mmcu=atmega8 -o"zabawa2.elf"  ./main.o   
Finished building target: zabawa2.elf
 
Invoking: AVR Create Extended Listing
avr-objdump -h -S zabawa2.elf  >"zabawa2.lss"
Finished building: zabawa2.lss
 
Create Flash image (ihex format)
avr-objcopy -R .eeprom -O ihex zabawa2.elf  "zabawa2.hex"
Finished building: zabawa2.hex
 
Create eeprom image (ihex format)
avr-objcopy -j .eeprom --no-change-warnings --change-section-lma .eeprom=0 -O ihex zabawa2.elf  "zabawa2.eep"
Finished building: zabawa2.eep
 
Invoking: Print Size
avr-size --format=avr --mcu=atmega8 zabawa2.elf
AVR Memory Usage
----------------
Device: atmega8

Program:     396 bytes (4.8% Full)
(.text + .data + .bootloader)

Data:          0 bytes (0.0% Full)
(.data + .bss + .noinit)


Finished building: sizedummy
 
