11:19:32 **** Incremental Build of configuration Release for project Zamek ****
make all 
Building file: ../main.c
Invoking: AVR Compiler
avr-gcc -Wall -Os -fpack-struct -fshort-enums -ffunction-sections -fdata-sections -std=gnu99 -funsigned-char -funsigned-bitfields -mmcu=atmega644p -DF_CPU=8000000UL -MMD -MP -MF"main.d" -MT"main.d" -c -o "main.o" "../main.c"
Finished building: ../main.c
 
Building target: Zamek.elf
Invoking: AVR C Linker
avr-gcc -Wl,-Map,Zamek.map -mmcu=atmega644p -o "Zamek.elf"  ./main.o   
Finished building target: Zamek.elf
 
Invoking: AVR Create Extended Listing
avr-objdump -h -S Zamek.elf  >"Zamek.lss"
Finished building: Zamek.lss
 
Create Flash image (ihex format)
avr-objcopy -R .eeprom -R .fuse -R .lock -R .signature -O ihex Zamek.elf  "Zamek.hex"
Finished building: Zamek.hex
 
Create eeprom image (ihex format)
avr-objcopy -j .eeprom --no-change-warnings --change-section-lma .eeprom=0 -O ihex Zamek.elf  "Zamek.eep"
Finished building: Zamek.eep
 
Invoking: Print Size
avr-size --format=avr --mcu=atmega644p Zamek.elf
AVR Memory Usage
----------------
Device: atmega644p

Program:    1942 bytes (3.0% Full)
(.text + .data + .bootloader)

Data:         11 bytes (0.3% Full)
(.data + .bss + .noinit)


Finished building: sizedummy
 

11:19:33 Build Finished (took 1s.43ms)

